<?xml version="1.0" encoding="UTF-8"?>
<testng-results skipped="0" failed="0" total="1" passed="1">
  <reporter-output>
  </reporter-output>
  <suite name="Smoke Test" duration-ms="19938" started-at="2016-05-17T11:18:21Z" finished-at="2016-05-17T11:18:41Z">
    <groups>
    </groups>
    <test name="Android Tablet Smoke" duration-ms="19938" started-at="2016-05-17T11:18:21Z" finished-at="2016-05-17T11:18:41Z">
      <class name="android.tablets.tests.SandBoxTest">
        <test-method status="PASS" signature="setupDriver()[pri:0, instance:android.tablets.tests.SandBoxTest@5315b42e]" name="setupDriver" is-config="true" duration-ms="14395" started-at="2016-05-17T14:18:21Z" finished-at="2016-05-17T14:18:35Z">
          <reporter-output>
          </reporter-output>
        </test-method> <!-- setupDriver -->
        <test-method status="PASS" signature="skipIntro()[pri:0, instance:android.tablets.tests.SandBoxTest@5315b42e]" name="skipIntro" duration-ms="4325" started-at="2016-05-17T14:18:35Z" finished-at="2016-05-17T14:18:40Z">
          <reporter-output>
          </reporter-output>
        </test-method> <!-- skipIntro -->
        <test-method status="PASS" signature="closeDriver()[pri:0, instance:android.tablets.tests.SandBoxTest@5315b42e]" name="closeDriver" is-config="true" duration-ms="1211" started-at="2016-05-17T14:18:40Z" finished-at="2016-05-17T14:18:41Z">
          <reporter-output>
          </reporter-output>
        </test-method> <!-- closeDriver -->
      </class> <!-- android.tablets.tests.SandBoxTest -->
    </test> <!-- Android Tablet Smoke -->
  </suite> <!-- Smoke Test -->
</testng-results>
